0 verbose cli /usr/local/bin/node /usr/local/bin/npm
1 info using npm@10.8.2
2 info using node@v20.19.6
3 silly config load:file:/usr/local/lib/node_modules/npm/npmrc
4 silly config load:file:/data/.npmrc
5 silly config load:file:/usr/src/node-red/.npmrc
6 silly config load:file:/usr/local/etc/npmrc
7 verbose title npm install node-red-contrib-postgresql@0.15.4
8 verbose argv "install" "--no-audit" "--no-update-notifier" "--no-fund" "--save" "--save-prefix" "~" "--omit" "dev" "--engine-strict" "node-red-contrib-postgresql@0.15.4"
9 verbose logfile logs-max:10 dir:/data/.npm/_logs/2025-12-05T09_11_53_140Z-
10 verbose logfile /data/.npm/_logs/2025-12-05T09_11_53_140Z-debug-0.log
11 silly packumentCache heap:2050228224 maxSize:512557056 maxEntrySize:256278528
12 silly logfile done cleaning log files
13 silly idealTree buildDeps
14 silly fetch manifest node-red-contrib-postgresql@0.15.4
15 silly packumentCache full:https://registry.npmjs.org/node-red-contrib-postgresql cache-miss
16 http fetch GET https://registry.npmjs.org/node-red-contrib-postgresql attempt 1 failed with 500
17 http fetch GET https://registry.npmjs.org/node-red-contrib-postgresql attempt 2 failed with 500
18 http fetch GET https://registry.npmjs.org/node-red-contrib-postgresql attempt 3 failed with 500
19 http fetch GET 500 https://registry.npmjs.org/node-red-contrib-postgresql 71531ms attempt #3 (cache skip)
20 silly placeDep ROOT node-red-contrib-postgresql@ OK for: node-red-project@0.0.1 want: 0.15.4
21 verbose stack HttpErrorGeneral: 500 Internal Server Error - GET https://registry.npmjs.org/node-red-contrib-postgresql
21 verbose stack     at /usr/local/lib/node_modules/npm/node_modules/npm-registry-fetch/lib/check-response.js:95:15
21 verbose stack     at process.processTicksAndRejections (node:internal/process/task_queues:95:5)
21 verbose stack     at async RegistryFetcher.packument (/usr/local/lib/node_modules/npm/node_modules/pacote/lib/registry.js:90:19)
21 verbose stack     at async RegistryFetcher.manifest (/usr/local/lib/node_modules/npm/node_modules/pacote/lib/registry.js:128:23)
21 verbose stack     at async #fetchManifest (/usr/local/lib/node_modules/npm/node_modules/@npmcli/arborist/lib/arborist/build-ideal-tree.js:1199:20)
21 verbose stack     at async #nodeFromEdge (/usr/local/lib/node_modules/npm/node_modules/@npmcli/arborist/lib/arborist/build-ideal-tree.js:1037:19)
21 verbose stack     at async #buildDepStep (/usr/local/lib/node_modules/npm/node_modules/@npmcli/arborist/lib/arborist/build-ideal-tree.js:901:11)
21 verbose stack     at async Arborist.buildIdealTree (/usr/local/lib/node_modules/npm/node_modules/@npmcli/arborist/lib/arborist/build-ideal-tree.js:181:7)
21 verbose stack     at async Promise.all (index 1)
21 verbose stack     at async Arborist.reify (/usr/local/lib/node_modules/npm/node_modules/@npmcli/arborist/lib/arborist/reify.js:131:5)
22 verbose statusCode 500
23 verbose pkgid node-red-contrib-postgresql@0.15.4
24 error code E500
25 error 500 Internal Server Error - GET https://registry.npmjs.org/node-red-contrib-postgresql
26 silly unfinished npm timer reify 1764925913760
27 silly unfinished npm timer reify:loadTrees 1764925913774
28 verbose cwd /data
29 verbose os Linux 6.6.87.2-microsoft-standard-WSL2
30 verbose node v20.19.6
31 verbose npm  v10.8.2
32 verbose exit 1
33 verbose code 1
34 error A complete log of this run can be found in: /data/.npm/_logs/2025-12-05T09_11_53_140Z-debug-0.log
