0 verbose cli /usr/local/bin/node /usr/local/bin/npm
1 info using npm@10.8.2
2 info using node@v20.19.6
3 silly config load:file:/usr/local/lib/node_modules/npm/npmrc
4 silly config load:file:/data/.npmrc
5 silly config load:file:/usr/src/node-red/.npmrc
6 silly config load:file:/usr/local/etc/npmrc
7 verbose title npm install node-red-contrib-json-schema-validator@0.0.3
8 verbose argv "install" "--no-audit" "--no-update-notifier" "--no-fund" "--save" "--save-prefix" "~" "--omit" "dev" "--engine-strict" "node-red-contrib-json-schema-validator@0.0.3"
9 verbose logfile logs-max:10 dir:/data/.npm/_logs/2026-01-22T07_55_46_318Z-
10 verbose logfile /data/.npm/_logs/2026-01-22T07_55_46_318Z-debug-0.log
11 silly packumentCache heap:2050228224 maxSize:512557056 maxEntrySize:256278528
12 silly logfile done cleaning log files
13 silly idealTree buildDeps
14 silly fetch manifest node-red-contrib-json-schema-validator@0.0.3
15 silly packumentCache full:https://registry.npmjs.org/node-red-contrib-json-schema-validator cache-miss
16 http fetch GET 200 https://registry.npmjs.org/node-red-contrib-json-schema-validator 1454ms (cache miss)
17 silly packumentCache full:https://registry.npmjs.org/node-red-contrib-json-schema-validator set size:undefined disposed:false
18 silly placeDep ROOT node-red-contrib-json-schema-validator@0.0.3 OK for: node-red-project@0.0.1 want: 0.0.3
19 silly fetch manifest ajv@^5.2.2
20 silly packumentCache full:https://registry.npmjs.org/ajv cache-miss
21 silly fetch manifest global@^4.3.2
22 silly packumentCache full:https://registry.npmjs.org/global cache-miss
23 http fetch GET 200 https://registry.npmjs.org/global 446ms (cache miss)
24 silly packumentCache full:https://registry.npmjs.org/global set size:undefined disposed:false
25 http fetch GET 200 https://registry.npmjs.org/ajv 904ms (cache revalidated)
26 silly packumentCache full:https://registry.npmjs.org/ajv set size:1126055 disposed:false
27 silly placeDep node_modules/node-red-contrib-json-schema-validator ajv@5.5.2 OK for: node-red-contrib-json-schema-validator@0.0.3 want: ^5.2.2
28 silly placeDep ROOT global@4.4.0 OK for: node-red-contrib-json-schema-validator@0.0.3 want: ^4.3.2
29 silly fetch manifest co@^4.6.0
30 silly packumentCache full:https://registry.npmjs.org/co cache-miss
31 silly fetch manifest fast-deep-equal@^1.0.0
32 silly packumentCache full:https://registry.npmjs.org/fast-deep-equal cache-miss
33 silly fetch manifest json-schema-traverse@^0.3.0
34 silly packumentCache full:https://registry.npmjs.org/json-schema-traverse cache-miss
35 silly fetch manifest fast-json-stable-stringify@^2.0.0
36 silly packumentCache full:https://registry.npmjs.org/fast-json-stable-stringify cache-miss
37 silly fetch manifest min-document@^2.19.0
38 silly packumentCache full:https://registry.npmjs.org/min-document cache-miss
39 silly fetch manifest process@^0.11.10
40 silly packumentCache full:https://registry.npmjs.org/process cache-miss
41 http fetch GET 200 https://registry.npmjs.org/fast-json-stable-stringify 302ms (cache miss)
42 silly packumentCache full:https://registry.npmjs.org/fast-json-stable-stringify set size:undefined disposed:false
43 http fetch GET 200 https://registry.npmjs.org/co 314ms (cache miss)
44 silly packumentCache full:https://registry.npmjs.org/co set size:undefined disposed:false
45 http fetch GET 200 https://registry.npmjs.org/process 788ms (cache miss)
46 silly packumentCache full:https://registry.npmjs.org/process set size:undefined disposed:false
47 http fetch GET 200 https://registry.npmjs.org/json-schema-traverse 879ms (cache revalidated)
48 silly packumentCache full:https://registry.npmjs.org/json-schema-traverse set size:23537 disposed:false
49 http fetch GET 200 https://registry.npmjs.org/min-document 1189ms (cache miss)
50 silly packumentCache full:https://registry.npmjs.org/min-document set size:undefined disposed:false
51 http fetch GET 200 https://registry.npmjs.org/fast-deep-equal 1254ms (cache revalidated)
52 silly packumentCache full:https://registry.npmjs.org/fast-deep-equal set size:48634 disposed:false
53 silly placeDep ROOT min-document@2.19.2 OK for: global@4.4.0 want: ^2.19.0
54 silly placeDep ROOT process@0.11.10 OK for: global@4.4.0 want: ^0.11.10
55 silly fetch manifest dom-walk@^0.1.0
56 silly packumentCache full:https://registry.npmjs.org/dom-walk cache-miss
57 http fetch GET 200 https://registry.npmjs.org/dom-walk 483ms (cache miss)
58 silly packumentCache full:https://registry.npmjs.org/dom-walk set size:undefined disposed:false
59 silly placeDep ROOT dom-walk@0.1.2 OK for: min-document@2.19.2 want: ^0.1.0
60 silly placeDep ROOT co@4.6.0 OK for: ajv@5.5.2 want: ^4.6.0
61 silly placeDep node_modules/node-red-contrib-json-schema-validator fast-deep-equal@1.1.0 OK for: ajv@5.5.2 want: ^1.0.0
62 silly placeDep ROOT fast-json-stable-stringify@2.1.0 OK for: ajv@5.5.2 want: ^2.0.0
63 silly placeDep node_modules/node-red-contrib-json-schema-validator json-schema-traverse@0.3.1 OK for: ajv@5.5.2 want: ^0.3.0
64 silly reify moves {}
65 silly tarball no local data for fast-json-stable-stringify@https://registry.npmjs.org/fast-json-stable-stringify/-/fast-json-stable-stringify-2.1.0.tgz. Extracting by manifest.
66 silly tarball no local data for process@https://registry.npmjs.org/process/-/process-0.11.10.tgz. Extracting by manifest.
67 silly tarball no local data for node-red-contrib-json-schema-validator@https://registry.npmjs.org/node-red-contrib-json-schema-validator/-/node-red-contrib-json-schema-validator-0.0.3.tgz. Extracting by manifest.
68 silly tarball no local data for global@https://registry.npmjs.org/global/-/global-4.4.0.tgz. Extracting by manifest.
69 silly tarball no local data for dom-walk@https://registry.npmjs.org/dom-walk/-/dom-walk-0.1.2.tgz. Extracting by manifest.
70 silly tarball no local data for min-document@https://registry.npmjs.org/min-document/-/min-document-2.19.2.tgz. Extracting by manifest.
71 silly tarball no local data for co@https://registry.npmjs.org/co/-/co-4.6.0.tgz. Extracting by manifest.
72 silly tarball no local data for ajv@https://registry.npmjs.org/ajv/-/ajv-5.5.2.tgz. Extracting by manifest.
73 silly tarball no local data for json-schema-traverse@https://registry.npmjs.org/json-schema-traverse/-/json-schema-traverse-0.3.1.tgz. Extracting by manifest.
74 silly tarball no local data for fast-deep-equal@https://registry.npmjs.org/fast-deep-equal/-/fast-deep-equal-1.1.0.tgz. Extracting by manifest.
75 http fetch GET 200 https://registry.npmjs.org/process/-/process-0.11.10.tgz 704ms (cache miss)
76 http fetch GET 200 https://registry.npmjs.org/dom-walk/-/dom-walk-0.1.2.tgz 830ms (cache miss)
77 http fetch GET 200 https://registry.npmjs.org/global/-/global-4.4.0.tgz 876ms (cache miss)
78 http fetch GET 200 https://registry.npmjs.org/fast-json-stable-stringify/-/fast-json-stable-stringify-2.1.0.tgz 1080ms (cache miss)
79 http fetch GET 200 https://registry.npmjs.org/node-red-contrib-json-schema-validator/-/node-red-contrib-json-schema-validator-0.0.3.tgz 1210ms (cache miss)
80 http fetch GET 200 https://registry.npmjs.org/json-schema-traverse/-/json-schema-traverse-0.3.1.tgz 1252ms (cache miss)
81 http fetch GET 200 https://registry.npmjs.org/fast-deep-equal/-/fast-deep-equal-1.1.0.tgz 1250ms (cache miss)
82 http fetch GET 200 https://registry.npmjs.org/co/-/co-4.6.0.tgz 1413ms (cache miss)
83 http fetch GET 200 https://registry.npmjs.org/min-document/-/min-document-2.19.2.tgz 1491ms (cache miss)
84 http fetch GET 200 https://registry.npmjs.org/ajv/-/ajv-5.5.2.tgz 2976ms (cache miss)
85 silly ADD node_modules/fast-json-stable-stringify
86 silly ADD node_modules/co
87 silly ADD node_modules/dom-walk
88 silly ADD node_modules/process
89 silly ADD node_modules/min-document
90 silly ADD node_modules/global
91 silly ADD node_modules/node-red-contrib-json-schema-validator
92 silly ADD node_modules/node-red-contrib-json-schema-validator/node_modules/json-schema-traverse
93 silly ADD node_modules/node-red-contrib-json-schema-validator/node_modules/fast-deep-equal
94 silly ADD node_modules/node-red-contrib-json-schema-validator/node_modules/ajv
95 verbose cwd /data
96 verbose os Linux 6.6.87.2-microsoft-standard-WSL2
97 verbose node v20.19.6
98 verbose npm  v10.8.2
99 verbose exit 0
100 info ok
